<?xml version="1.0" encoding="UTF-8"?>
<!-- Generated by org.testng.reporters.JUnitXMLReporter -->
<testsuite hostname="DESKTOP-DN11VA2" ignored="0" name="Default test" tests="5" failures="0" timestamp="28 Jan 2021 02:30:19 GMT" time="0.039" errors="0">
  <testcase name="parkedatParking" time="0.01" classname="com.tesNG.Practice3"/>
  <testcase name="speedUP" time="0.001" classname="com.tesNG.Practice3"/>
  <testcase name="startCar" time="0.001" classname="com.tesNG.Practice3"/>
  <testcase name="stopAtLights" time="0.001" classname="com.tesNG.Practice3"/>
  <testcase name="opencarDoor" time="0.001" classname="com.tesNG.Practice3"/>
</testsuite> <!-- Default test -->
