<?xml version="1.0" encoding="UTF-8"?>
<!-- Generated by org.testng.reporters.JUnitXMLReporter -->
<testsuite hostname="LAPTOP-1E5OSFLE" name="Test" tests="15" failures="0" timestamp="31 Jan 2021 02:47:41 GMT" time="147.896" errors="0">
  <testcase name="wePageTile" time="24.035" classname="com.tesNG.Sample6Test"/>
  <testcase name="watermelon" time="0.001" classname="com.tesNG.Sample2Test"/>
  <testcase name="carrot" time="0.0" classname="com.tesNG.Sample2Test"/>
  <testcase name="apple" time="0.001" classname="com.tesNG.Sample2Test"/>
  <testcase name="orange" time="0.001" classname="com.tesNG.Sample2Test"/>
  <testcase name="parkedatParking" time="0.001" classname="com.tesNG.Sample3Test"/>
  <testcase name="speedUP" time="0.0" classname="com.tesNG.Sample3Test"/>
  <testcase name="startCar" time="0.003" classname="com.tesNG.Sample3Test"/>
  <testcase name="stopAtLights" time="0.001" classname="com.tesNG.Sample3Test"/>
  <testcase name="opencarDoor" time="0.001" classname="com.tesNG.Sample3Test"/>
  <testcase name="third" time="0.001" classname="com.tesNG.Sample4Test"/>
  <testcase name="wePageTile" time="15.963" classname="com.tesNG.Sample5Test"/>
  <testcase name="loginCRM" time="28.481" classname="com.tesNG.Sample5Test"/>
  <testcase name="loginPage" time="35.853" classname="com.tesNG.LoginTest"/>
  <testcase name="loginPage" time="43.413" classname="com.tesNG.LoginTest"/>
</testsuite> <!-- Test -->
