<?xml version="1.0" encoding="UTF-8"?>
<testng-results skipped="0" failed="0" ignored="0" total="1" passed="1">
  <reporter-output>
  </reporter-output>
  <suite name="Default suite" duration-ms="19" started-at="2021-01-27T02:57:20Z" finished-at="2021-01-27T02:57:20Z">
    <groups>
    </groups>
    <test name="Default test" duration-ms="19" started-at="2021-01-27T02:57:20Z" finished-at="2021-01-27T02:57:20Z">
      <class name="com.tesNG.Practic1">
        <test-method status="PASS" signature="two()[pri:0, instance:com.tesNG.Practic1@8bd1b6a]" name="two" is-config="true" duration-ms="9" started-at="2021-01-27T02:57:20Z" finished-at="2021-01-27T02:57:20Z">
          <reporter-output>
          </reporter-output>
        </test-method> <!-- two -->
        <test-method status="PASS" signature="one()[pri:0, instance:com.tesNG.Practic1@8bd1b6a]" name="one" is-config="true" duration-ms="0" started-at="2021-01-27T02:57:20Z" finished-at="2021-01-27T02:57:20Z">
          <reporter-output>
          </reporter-output>
        </test-method> <!-- one -->
        <test-method status="PASS" signature="third()[pri:0, instance:com.tesNG.Practic1@8bd1b6a]" name="third" duration-ms="4" started-at="2021-01-27T02:57:20Z" finished-at="2021-01-27T02:57:20Z">
          <reporter-output>
          </reporter-output>
        </test-method> <!-- third -->
        <test-method status="PASS" signature="five()[pri:0, instance:com.tesNG.Practic1@8bd1b6a]" name="five" is-config="true" duration-ms="1" started-at="2021-01-27T02:57:20Z" finished-at="2021-01-27T02:57:20Z">
          <reporter-output>
          </reporter-output>
        </test-method> <!-- five -->
        <test-method status="PASS" signature="fourth()[pri:0, instance:com.tesNG.Practic1@8bd1b6a]" name="fourth" is-config="true" duration-ms="0" started-at="2021-01-27T02:57:20Z" finished-at="2021-01-27T02:57:20Z">
          <reporter-output>
          </reporter-output>
        </test-method> <!-- fourth -->
      </class> <!-- com.tesNG.Practic1 -->
    </test> <!-- Default test -->
  </suite> <!-- Default suite -->
</testng-results>
